<?xml version="1.0" encoding="UTF-8"?>
<!-- Generated by org.testng.reporters.JUnitXMLReporter -->
<testsuite ignored="0" hostname="DESKTOP-HT2SLMR" failures="0" tests="18" name="Surefire test" time="294.129" errors="0" timestamp="2021-07-27T13:20:59 IST">
  <testcase classname="com.IdentifyNewBikes.Tests.AppTest" name="callingBrowser" time="54.597"/>
  <testcase classname="com.IdentifyNewBikes.Tests.AppTest" name="pageOpening" time="21.941"/>
  <testcase classname="com.IdentifyNewBikes.Tests.AppTest" name="pageTitle" time="2.381"/>
  <testcase classname="com.IdentifyNewBikes.Tests.AppTest" name="selectLogin" time="9.387"/>
  <testcase classname="com.IdentifyNewBikes.Tests.AppTest" name="selectContinueWithGoogle" time="8.648"/>
  <testcase classname="com.IdentifyNewBikes.Tests.AppTest" name="invalidEmail" time="10.351"/>
  <testcase classname="com.IdentifyNewBikes.Tests.AppTest" name="ClickOnNextBtn" time="3.964"/>
  <testcase classname="com.IdentifyNewBikes.Tests.AppTest" name="validEmailInvalidPassword" time="11.787"/>
  <testcase classname="com.IdentifyNewBikes.Tests.AppTest" name="clickNxt2Btn" time="7.391"/>
  <testcase classname="com.IdentifyNewBikes.Tests.AppTest" name="clickOnNewBikes" time="4.501"/>
  <testcase classname="com.IdentifyNewBikes.Tests.AppTest" name="clickOnUpcomingBikes" time="21.658"/>
  <testcase classname="com.IdentifyNewBikes.Tests.AppTest" name="pageTitle1" time="0.008"/>
  <testcase classname="com.IdentifyNewBikes.Tests.AppTest" name="selectHondaCompanyBikes" time="109.693"/>
  <testcase classname="com.IdentifyNewBikes.Tests.AppTest" name="selectingBikes" time="8.709"/>
  <testcase classname="com.IdentifyNewBikes.Tests.AppTest" name="clickOnUsedCars" time="2.976"/>
  <testcase classname="com.IdentifyNewBikes.Tests.AppTest" name="clickOnChennaiBtn" time="6.334"/>
  <testcase classname="com.IdentifyNewBikes.Tests.AppTest" name="pageTile2" time="0.014"/>
  <testcase classname="com.IdentifyNewBikes.Tests.AppTest" name="getUsedCars" time="7.469"/>
</testsuite> <!-- Surefire test -->
