<?xml version="1.0" encoding="UTF-8"?>
<!-- Generated by org.testng.reporters.JUnitXMLReporter -->
<testsuite ignored="0" hostname="DESKTOP-HT2SLMR" failures="0" tests="18" name="Default test" time="169.294" errors="0" timestamp="2021-07-26T20:12:00 IST">
  <testcase classname="com.IdentifyNewBikes.Tests.AppTest" name="callingBrowser" time="17.511"/>
  <testcase classname="com.IdentifyNewBikes.Tests.AppTest" name="pageOpening" time="10.807"/>
  <testcase classname="com.IdentifyNewBikes.Tests.AppTest" name="pageTitle" time="1.213"/>
  <testcase classname="com.IdentifyNewBikes.Tests.AppTest" name="selectLogin" time="7.021"/>
  <testcase classname="com.IdentifyNewBikes.Tests.AppTest" name="selectContinueWithGoogle" time="8.486"/>
  <testcase classname="com.IdentifyNewBikes.Tests.AppTest" name="invalidEmail" time="11.956"/>
  <testcase classname="com.IdentifyNewBikes.Tests.AppTest" name="ClickOnNextBtn" time="3.963"/>
  <testcase classname="com.IdentifyNewBikes.Tests.AppTest" name="validEmailInvalidPassword" time="11.403"/>
  <testcase classname="com.IdentifyNewBikes.Tests.AppTest" name="clickNxt2Btn" time="7.708"/>
  <testcase classname="com.IdentifyNewBikes.Tests.AppTest" name="clickOnNewBikes" time="4.616"/>
  <testcase classname="com.IdentifyNewBikes.Tests.AppTest" name="clickOnUpcomingBikes" time="5.921"/>
  <testcase classname="com.IdentifyNewBikes.Tests.AppTest" name="pageTitle1" time="0.017"/>
  <testcase classname="com.IdentifyNewBikes.Tests.AppTest" name="selectHondaCompanyBikes" time="28.22"/>
  <testcase classname="com.IdentifyNewBikes.Tests.AppTest" name="selectingBikes" time="17.872"/>
  <testcase classname="com.IdentifyNewBikes.Tests.AppTest" name="clickOnUsedCars" time="7.046"/>
  <testcase classname="com.IdentifyNewBikes.Tests.AppTest" name="clickOnChennaiBtn" time="15.868"/>
  <testcase classname="com.IdentifyNewBikes.Tests.AppTest" name="pageTile2" time="0.021"/>
  <testcase classname="com.IdentifyNewBikes.Tests.AppTest" name="getUsedCars" time="7.548"/>
</testsuite> <!-- Default test -->
