<?xml version="1.0" encoding="UTF-8"?>
<!-- Generated by org.testng.reporters.JUnitXMLReporter -->
<testsuite ignored="2" hostname="DESKTOP-HT2SLMR" failures="18" tests="18" name="Test" time="18677.505" errors="0" timestamp="2021-07-26T19:00:24 IST">
  <testcase classname="com.IdentifyNewBikes.Base.BaseUI" name="@AfterTest closeBrowser" time="1.002">
    <failure type="java.lang.NullPointerException" message="Cannot invoke &amp;quot;org.openqa.selenium.WebDriver.quit()&amp;quot; because &amp;quot;com.IdentifyNewBikes.Base.BaseUI.driver&amp;quot; is null">
      <![CDATA[java.lang.NullPointerException: Cannot invoke "org.openqa.selenium.WebDriver.quit()" because "com.IdentifyNewBikes.Base.BaseUI.driver" is null
at com.IdentifyNewBikes.Base.BaseUI.closeBrowser(BaseUI.java:67)
... Removed 24 stack frames]]>
    </failure>
  </testcase> <!-- @AfterTest closeBrowser -->
  <testcase classname="com.IdentifyNewBikes.Tests.UsedCarsTest" name="clickOnUsedCars" time="0.01">
    <failure type="java.lang.NullPointerException" message="Cannot invoke &amp;quot;org.openqa.selenium.WebDriver.navigate()&amp;quot; because &amp;quot;com.IdentifyNewBikes.Tests.UsedCarsTest.driver&amp;quot; is null">
      <![CDATA[java.lang.NullPointerException: Cannot invoke "org.openqa.selenium.WebDriver.navigate()" because "com.IdentifyNewBikes.Tests.UsedCarsTest.driver" is null
at com.IdentifyNewBikes.Tests.UsedCarsTest.clickOnUsedCars(UsedCarsTest.java:23)
at java.base/java.util.ArrayList.forEach(ArrayList.java:1511)
... Removed 27 stack frames]]>
    </failure>
  </testcase> <!-- clickOnUsedCars -->
  <testcase classname="com.IdentifyNewBikes.Tests.UsedCarsTest" name="clickOnChennaiBtn" time="0.01">
    <failure type="java.lang.NullPointerException">
      <![CDATA[java.lang.NullPointerException
at java.base/java.util.Objects.requireNonNull(Objects.java:208)
at org.openqa.selenium.support.ui.FluentWait.<init>(FluentWait.java:106)
at org.openqa.selenium.support.ui.WebDriverWait.<init>(WebDriverWait.java:85)
at org.openqa.selenium.support.ui.WebDriverWait.<init>(WebDriverWait.java:45)
at com.IdentifyNewBikes.Tests.UsedCarsTest.clickOnChennaiBtn(UsedCarsTest.java:41)
at java.base/java.util.ArrayList.forEach(ArrayList.java:1511)
... Removed 27 stack frames]]>
    </failure>
  </testcase> <!-- clickOnChennaiBtn -->
  <testcase classname="com.IdentifyNewBikes.Tests.UsedCarsTest" name="pageTile2" time="0.002">
    <failure type="java.lang.NullPointerException" message="Cannot invoke &amp;quot;org.openqa.selenium.WebDriver.getTitle()&amp;quot; because &amp;quot;com.IdentifyNewBikes.Base.BaseUI.driver&amp;quot; is null">
      <![CDATA[java.lang.NullPointerException: Cannot invoke "org.openqa.selenium.WebDriver.getTitle()" because "com.IdentifyNewBikes.Base.BaseUI.driver" is null
at com.IdentifyNewBikes.Base.BaseUI.verifyPageTitle(BaseUI.java:71)
at com.IdentifyNewBikes.Tests.UsedCarsTest.pageTile2(UsedCarsTest.java:56)
at java.base/java.util.ArrayList.forEach(ArrayList.java:1511)
... Removed 27 stack frames]]>
    </failure>
  </testcase> <!-- pageTile2 -->
  <testcase classname="com.IdentifyNewBikes.Tests.UsedCarsTest" name="getUsedCars" time="0.004">
    <failure type="java.lang.NullPointerException" message="Cannot invoke &amp;quot;org.openqa.selenium.JavascriptExecutor.executeScript(String, Object[])&amp;quot; because &amp;quot;js&amp;quot; is null">
      <![CDATA[java.lang.NullPointerException: Cannot invoke "org.openqa.selenium.JavascriptExecutor.executeScript(String, Object[])" because "js" is null
at com.IdentifyNewBikes.Tests.UsedCarsTest.getUsedCars(UsedCarsTest.java:62)
at java.base/java.util.ArrayList.forEach(ArrayList.java:1511)
... Removed 27 stack frames]]>
    </failure>
  </testcase> <!-- getUsedCars -->
  <testcase classname="com.IdentifyNewBikes.Tests.LoginTest" name="callingBrowser" time="18658.095">
    <failure type="java.util.NoSuchElementException" message="No line found">
      <![CDATA[java.util.NoSuchElementException: No line found
at java.base/java.util.Scanner.nextLine(Scanner.java:1651)
at com.IdentifyNewBikes.Base.BaseUI.invokeBrowser(BaseUI.java:39)
at com.IdentifyNewBikes.Tests.LoginTest.callingBrowser(LoginTest.java:23)
at java.base/java.util.ArrayList.forEach(ArrayList.java:1511)
... Removed 27 stack frames]]>
    </failure>
  </testcase> <!-- callingBrowser -->
  <testcase classname="com.IdentifyNewBikes.Tests.LoginTest" name="pageOpening" time="0.229">
    <failure type="java.lang.NullPointerException" message="Cannot invoke &amp;quot;org.openqa.selenium.WebDriver.navigate()&amp;quot; because &amp;quot;com.IdentifyNewBikes.Tests.LoginTest.driver&amp;quot; is null">
      <![CDATA[java.lang.NullPointerException: Cannot invoke "org.openqa.selenium.WebDriver.navigate()" because "com.IdentifyNewBikes.Tests.LoginTest.driver" is null
at com.IdentifyNewBikes.Tests.LoginTest.pageOpening(LoginTest.java:32)
at java.base/java.util.ArrayList.forEach(ArrayList.java:1511)
... Removed 27 stack frames]]>
    </failure>
  </testcase> <!-- pageOpening -->
  <testcase classname="com.IdentifyNewBikes.Tests.LoginTest" name="pageTitle" time="0.011">
    <failure type="java.lang.NullPointerException" message="Cannot invoke &amp;quot;org.openqa.selenium.WebDriver.getTitle()&amp;quot; because &amp;quot;com.IdentifyNewBikes.Base.BaseUI.driver&amp;quot; is null">
      <![CDATA[java.lang.NullPointerException: Cannot invoke "org.openqa.selenium.WebDriver.getTitle()" because "com.IdentifyNewBikes.Base.BaseUI.driver" is null
at com.IdentifyNewBikes.Base.BaseUI.verifyPageTitle(BaseUI.java:71)
at com.IdentifyNewBikes.Tests.LoginTest.pageTitle(LoginTest.java:38)
at java.base/java.util.ArrayList.forEach(ArrayList.java:1511)
... Removed 27 stack frames]]>
    </failure>
  </testcase> <!-- pageTitle -->
  <testcase classname="com.IdentifyNewBikes.Tests.LoginTest" name="selectLogin" time="0.062">
    <failure type="java.lang.NullPointerException" message="Cannot invoke &amp;quot;org.openqa.selenium.WebDriver.getWindowHandle()&amp;quot; because &amp;quot;com.IdentifyNewBikes.Tests.LoginTest.driver&amp;quot; is null">
      <![CDATA[java.lang.NullPointerException: Cannot invoke "org.openqa.selenium.WebDriver.getWindowHandle()" because "com.IdentifyNewBikes.Tests.LoginTest.driver" is null
at com.IdentifyNewBikes.Tests.LoginTest.selectLogin(LoginTest.java:44)
at java.base/java.util.ArrayList.forEach(ArrayList.java:1511)
... Removed 27 stack frames]]>
    </failure>
  </testcase> <!-- selectLogin -->
  <testcase classname="com.IdentifyNewBikes.Tests.LoginTest" name="selectContinueWithGoogle" time="0.009">
    <failure type="java.lang.NullPointerException" message="Cannot invoke &amp;quot;org.openqa.selenium.WebDriver.getWindowHandles()&amp;quot; because &amp;quot;com.IdentifyNewBikes.Tests.LoginTest.driver&amp;quot; is null">
      <![CDATA[java.lang.NullPointerException: Cannot invoke "org.openqa.selenium.WebDriver.getWindowHandles()" because "com.IdentifyNewBikes.Tests.LoginTest.driver" is null
at com.IdentifyNewBikes.Tests.LoginTest.selectContinueWithGoogle(LoginTest.java:65)
at java.base/java.util.ArrayList.forEach(ArrayList.java:1511)
... Removed 27 stack frames]]>
    </failure>
  </testcase> <!-- selectContinueWithGoogle -->
  <testcase classname="com.IdentifyNewBikes.Tests.LoginTest" name="invalidEmail" time="0.013">
    <failure type="java.lang.NullPointerException" message="Cannot invoke &amp;quot;org.openqa.selenium.WebDriver.getWindowHandles()&amp;quot; because &amp;quot;com.IdentifyNewBikes.Tests.LoginTest.driver&amp;quot; is null">
      <![CDATA[java.lang.NullPointerException: Cannot invoke "org.openqa.selenium.WebDriver.getWindowHandles()" because "com.IdentifyNewBikes.Tests.LoginTest.driver" is null
at com.IdentifyNewBikes.Tests.LoginTest.invalidEmail(LoginTest.java:81)
at java.base/java.util.ArrayList.forEach(ArrayList.java:1511)
... Removed 27 stack frames]]>
    </failure>
  </testcase> <!-- invalidEmail -->
  <testcase classname="com.IdentifyNewBikes.Tests.LoginTest" name="ClickOnNextBtn" time="0.015">
    <failure type="java.lang.NullPointerException" message="Cannot invoke &amp;quot;java.util.Properties.getProperty(String)&amp;quot; because &amp;quot;this.prop&amp;quot; is null">
      <![CDATA[java.lang.NullPointerException: Cannot invoke "java.util.Properties.getProperty(String)" because "this.prop" is null
at com.IdentifyNewBikes.Base.BaseUI.getElement(BaseUI.java:77)
at com.IdentifyNewBikes.Tests.LoginTest.ClickOnNextBtn(LoginTest.java:91)
at java.base/java.util.ArrayList.forEach(ArrayList.java:1511)
... Removed 27 stack frames]]>
    </failure>
  </testcase> <!-- ClickOnNextBtn -->
  <testcase classname="com.IdentifyNewBikes.Tests.LoginTest" name="validEmailInvalidPassword" time="0.007">
    <failure type="java.lang.NullPointerException" message="Cannot invoke &amp;quot;org.openqa.selenium.WebDriver.getWindowHandles()&amp;quot; because &amp;quot;com.IdentifyNewBikes.Tests.LoginTest.driver&amp;quot; is null">
      <![CDATA[java.lang.NullPointerException: Cannot invoke "org.openqa.selenium.WebDriver.getWindowHandles()" because "com.IdentifyNewBikes.Tests.LoginTest.driver" is null
at com.IdentifyNewBikes.Tests.LoginTest.validEmailInvalidPassword(LoginTest.java:109)
at java.base/java.util.ArrayList.forEach(ArrayList.java:1511)
... Removed 27 stack frames]]>
    </failure>
  </testcase> <!-- validEmailInvalidPassword -->
  <testcase classname="com.IdentifyNewBikes.Tests.LoginTest" name="clickNxt2Btn" time="0.006">
    <failure type="java.lang.NullPointerException" message="Cannot invoke &amp;quot;java.util.Properties.getProperty(String)&amp;quot; because &amp;quot;this.prop&amp;quot; is null">
      <![CDATA[java.lang.NullPointerException: Cannot invoke "java.util.Properties.getProperty(String)" because "this.prop" is null
at com.IdentifyNewBikes.Base.BaseUI.getElement(BaseUI.java:82)
at com.IdentifyNewBikes.Tests.LoginTest.clickNxt2Btn(LoginTest.java:134)
at java.base/java.util.ArrayList.forEach(ArrayList.java:1511)
... Removed 27 stack frames]]>
    </failure>
  </testcase> <!-- clickNxt2Btn -->
  <testcase classname="com.IdentifyNewBikes.Tests.UpcomingBikesTest" name="clickOnNewBikes" time="0.005">
    <failure type="java.lang.NullPointerException" message="Cannot invoke &amp;quot;org.openqa.selenium.WebDriver.navigate()&amp;quot; because &amp;quot;com.IdentifyNewBikes.Tests.UpcomingBikesTest.driver&amp;quot; is null">
      <![CDATA[java.lang.NullPointerException: Cannot invoke "org.openqa.selenium.WebDriver.navigate()" because "com.IdentifyNewBikes.Tests.UpcomingBikesTest.driver" is null
at com.IdentifyNewBikes.Tests.UpcomingBikesTest.clickOnNewBikes(UpcomingBikesTest.java:19)
at java.base/java.util.ArrayList.forEach(ArrayList.java:1511)
... Removed 27 stack frames]]>
    </failure>
  </testcase> <!-- clickOnNewBikes -->
  <testcase classname="com.IdentifyNewBikes.Tests.UpcomingBikesTest" name="clickOnUpcomingBikes" time="0.007">
    <failure type="java.lang.NullPointerException" message="Cannot invoke &amp;quot;java.util.Properties.getProperty(String)&amp;quot; because &amp;quot;this.prop&amp;quot; is null">
      <![CDATA[java.lang.NullPointerException: Cannot invoke "java.util.Properties.getProperty(String)" because "this.prop" is null
at com.IdentifyNewBikes.Base.BaseUI.getElement(BaseUI.java:77)
at com.IdentifyNewBikes.Tests.UpcomingBikesTest.clickOnUpcomingBikes(UpcomingBikesTest.java:37)
at java.base/java.util.ArrayList.forEach(ArrayList.java:1511)
... Removed 27 stack frames]]>
    </failure>
  </testcase> <!-- clickOnUpcomingBikes -->
  <testcase classname="com.IdentifyNewBikes.Tests.UpcomingBikesTest" name="pageTitle1" time="0.014">
    <failure type="java.lang.NullPointerException" message="Cannot invoke &amp;quot;org.openqa.selenium.WebDriver.getTitle()&amp;quot; because &amp;quot;com.IdentifyNewBikes.Base.BaseUI.driver&amp;quot; is null">
      <![CDATA[java.lang.NullPointerException: Cannot invoke "org.openqa.selenium.WebDriver.getTitle()" because "com.IdentifyNewBikes.Base.BaseUI.driver" is null
at com.IdentifyNewBikes.Base.BaseUI.verifyPageTitle(BaseUI.java:71)
at com.IdentifyNewBikes.Tests.UpcomingBikesTest.pageTitle1(UpcomingBikesTest.java:47)
at java.base/java.util.ArrayList.forEach(ArrayList.java:1511)
... Removed 27 stack frames]]>
    </failure>
  </testcase> <!-- pageTitle1 -->
  <testcase classname="com.IdentifyNewBikes.Tests.UpcomingBikesTest" name="selectHondaCompanyBikes" time="1.17">
    <failure type="java.lang.NullPointerException" message="Cannot invoke &amp;quot;com.aventstack.extentreports.ExtentTest.log(com.aventstack.extentreports.Status, String)&amp;quot; because &amp;quot;com.IdentifyNewBikes.Tests.UpcomingBikesTest.logger&amp;quot; is null">
      <![CDATA[java.lang.NullPointerException: Cannot invoke "com.aventstack.extentreports.ExtentTest.log(com.aventstack.extentreports.Status, String)" because "com.IdentifyNewBikes.Tests.UpcomingBikesTest.logger" is null
at com.IdentifyNewBikes.Tests.UpcomingBikesTest.selectHondaCompanyBikes(UpcomingBikesTest.java:52)
at java.base/java.util.ArrayList.forEach(ArrayList.java:1511)
... Removed 27 stack frames]]>
    </failure>
  </testcase> <!-- selectHondaCompanyBikes -->
  <testcase classname="com.IdentifyNewBikes.Tests.UpcomingBikesTest" name="selectingBikes" time="0.004">
    <failure type="java.lang.NullPointerException" message="Cannot invoke &amp;quot;java.util.Properties.getProperty(String)&amp;quot; because &amp;quot;this.prop&amp;quot; is null">
      <![CDATA[java.lang.NullPointerException: Cannot invoke "java.util.Properties.getProperty(String)" because "this.prop" is null
at com.IdentifyNewBikes.Base.BaseUI.getElement(BaseUI.java:82)
at com.IdentifyNewBikes.Tests.UpcomingBikesTest.selectingBikes(UpcomingBikesTest.java:65)
at java.base/java.util.ArrayList.forEach(ArrayList.java:1511)
... Removed 27 stack frames]]>
    </failure>
  </testcase> <!-- selectingBikes -->
  <testcase classname="com.IdentifyNewBikes.Base.BaseUI" name="@AfterTest closeBrowser" time="0.0">
    <ignored/>
  </testcase> <!-- @AfterTest closeBrowser -->
  <testcase classname="com.IdentifyNewBikes.Base.BaseUI" name="@AfterTest closeBrowser" time="0.0">
    <ignored/>
  </testcase> <!-- @AfterTest closeBrowser -->
</testsuite> <!-- Test -->
