<?xml version="1.0" encoding="UTF-8"?>
<testsuite xmlns:xsi="http://www.w3.org/2001/XMLSchema-instance" xsi:noNamespaceSchemaLocation="https://maven.apache.org/surefire/maven-surefire-plugin/xsd/surefire-test-report.xsd" name="com.IdentifyNewBikes.Tests.AppTest" time="301.884" tests="18" errors="0" skipped="0" failures="0">
  <properties>
[...]
</properties>
  <testcase name="callingBrowser" classname="com.IdentifyNewBikes.Tests.AppTest" time="54.61"/>
  <testcase name="pageOpening" classname="com.IdentifyNewBikes.Tests.AppTest" time="21.931"/>
  <testcase name="pageTitle" classname="com.IdentifyNewBikes.Tests.AppTest" time="2.382"/>
  <testcase name="selectLogin" classname="com.IdentifyNewBikes.Tests.AppTest" time="9.387"/>
  <testcase name="selectContinueWithGoogle" classname="com.IdentifyNewBikes.Tests.AppTest" time="8.648"/>
  <testcase name="invalidEmail" classname="com.IdentifyNewBikes.Tests.AppTest" time="10.352"/>
  <testcase name="ClickOnNextBtn" classname="com.IdentifyNewBikes.Tests.AppTest" time="3.967"/>
  <testcase name="validEmailInvalidPassword" classname="com.IdentifyNewBikes.Tests.AppTest" time="11.786"/>
  <testcase name="clickNxt2Btn" classname="com.IdentifyNewBikes.Tests.AppTest" time="7.393"/>
  <testcase name="clickOnNewBikes" classname="com.IdentifyNewBikes.Tests.AppTest" time="4.498"/>
  <testcase name="clickOnUpcomingBikes" classname="com.IdentifyNewBikes.Tests.AppTest" time="21.659"/>
  <testcase name="pageTitle1" classname="com.IdentifyNewBikes.Tests.AppTest" time="0.016"/>
  <testcase name="selectHondaCompanyBikes" classname="com.IdentifyNewBikes.Tests.AppTest" time="109.686"/>
  <testcase name="selectingBikes" classname="com.IdentifyNewBikes.Tests.AppTest" time="8.708"/>
  <testcase name="clickOnUsedCars" classname="com.IdentifyNewBikes.Tests.AppTest" time="2.975"/>
  <testcase name="clickOnChennaiBtn" classname="com.IdentifyNewBikes.Tests.AppTest" time="6.335"/>
  <testcase name="pageTile2" classname="com.IdentifyNewBikes.Tests.AppTest" time="0.015"/>
  <testcase name="getUsedCars" classname="com.IdentifyNewBikes.Tests.AppTest" time="7.469"/>
</testsuite>